<?xml version="1.0" encoding="UTF-8"?>
<testsuite name="TestR4_Orario" tests="8" skipped="0" failures="0" errors="0" timestamp="2021-06-22T13:56:20" hostname="bellacia" time="1.022">
  <properties/>
  <testcase name="testHours" classname="TestR4_Orario" time="0.003"/>
  <testcase name="testHourOver12" classname="TestR4_Orario" time="0.0"/>
  <testcase name="testAvailable" classname="TestR4_Orario" time="0.001"/>
  <testcase name="testDailyAvailable" classname="TestR4_Orario" time="0.0"/>
  <testcase name="testHours" classname="TestR4_Orario" time="0.0"/>
  <testcase name="testHourOver12" classname="TestR4_Orario" time="0.0"/>
  <testcase name="testAvailable" classname="TestR4_Orario" time="0.001"/>
  <testcase name="testDailyAvailable" classname="TestR4_Orario" time="0.0"/>
  <system-out><![CDATA[]]></system-out>
  <system-err><![CDATA[]]></system-err>
</testsuite>
