<?xml version="1.0" encoding="UTF-8"?>
<testsuite name="TestR2_Hubs" tests="14" skipped="0" failures="0" errors="0" timestamp="2021-06-22T13:56:20" hostname="bellacia" time="1.435">
  <properties/>
  <testcase name="testCapacityUnstaffed" classname="TestR2_Hubs" time="0.025"/>
  <testcase name="testHubStaffNegative" classname="TestR2_Hubs" time="0.028"/>
  <testcase name="textCapacity" classname="TestR2_Hubs" time="0.029"/>
  <testcase name="testCreateHubs" classname="TestR2_Hubs" time="0.024"/>
  <testcase name="testHubStaffWrongHub" classname="TestR2_Hubs" time="0.035"/>
  <testcase name="testCapacityNonexist" classname="TestR2_Hubs" time="0.038"/>
  <testcase name="testDuplicateHub" classname="TestR2_Hubs" time="0.032"/>
  <testcase name="testCapacityUnstaffed" classname="TestR2_Hubs" time="0.026"/>
  <testcase name="testHubStaffNegative" classname="TestR2_Hubs" time="0.031"/>
  <testcase name="textCapacity" classname="TestR2_Hubs" time="0.029"/>
  <testcase name="testCreateHubs" classname="TestR2_Hubs" time="0.033"/>
  <testcase name="testHubStaffWrongHub" classname="TestR2_Hubs" time="0.025"/>
  <testcase name="testCapacityNonexist" classname="TestR2_Hubs" time="0.024"/>
  <testcase name="testDuplicateHub" classname="TestR2_Hubs" time="0.025"/>
  <system-out><![CDATA[]]></system-out>
  <system-err><![CDATA[]]></system-err>
</testsuite>
