<?xml version="1.0" encoding="UTF-8"?>
<testsuite name="TestR1_Persons" tests="12" skipped="0" failures="0" errors="0" timestamp="2021-06-22T13:56:19" hostname="bellacia" time="0.638">
  <properties/>
  <testcase name="tesGetPerson" classname="TestR1_Persons" time="0.001"/>
  <testcase name="testAddMultiplePersons" classname="TestR1_Persons" time="0.001"/>
  <testcase name="testPersonsInIntervals" classname="TestR1_Persons" time="0.047"/>
  <testcase name="testAddPerson" classname="TestR1_Persons" time="0.0"/>
  <testcase name="testIntervals" classname="TestR1_Persons" time="0.0"/>
  <testcase name="tesGetAge" classname="TestR1_Persons" time="0.002"/>
  <testcase name="tesGetPerson" classname="TestR1_Persons" time="0.0"/>
  <testcase name="testAddMultiplePersons" classname="TestR1_Persons" time="0.0"/>
  <testcase name="testPersonsInIntervals" classname="TestR1_Persons" time="0.036"/>
  <testcase name="testAddPerson" classname="TestR1_Persons" time="0.0"/>
  <testcase name="testIntervals" classname="TestR1_Persons" time="0.0"/>
  <testcase name="tesGetAge" classname="TestR1_Persons" time="0.001"/>
  <system-out><![CDATA[]]></system-out>
  <system-err><![CDATA[]]></system-err>
</testsuite>
