<?xml version="1.0" encoding="UTF-8"?>
<testsuite name="TestR3_Reading" tests="8" skipped="0" failures="0" errors="0" timestamp="2021-06-22T13:56:19" hostname="bellacia" time="1.082">
  <properties/>
  <testcase name="testIncomplete" classname="TestR3_Reading" time="0.005"/>
  <testcase name="testLoadPeople" classname="TestR3_Reading" time="0.002"/>
  <testcase name="testWrongHeader1" classname="TestR3_Reading" time="0.003"/>
  <testcase name="testWrongHeader2" classname="TestR3_Reading" time="0.003"/>
  <testcase name="testIncomplete" classname="TestR3_Reading" time="0.001"/>
  <testcase name="testLoadPeople" classname="TestR3_Reading" time="0.001"/>
  <testcase name="testWrongHeader1" classname="TestR3_Reading" time="0.001"/>
  <testcase name="testWrongHeader2" classname="TestR3_Reading" time="0.001"/>
  <system-out><![CDATA[]]></system-out>
  <system-err><![CDATA[]]></system-err>
</testsuite>
